<?xml version="1.0" encoding="UTF-8"?>
<!-- Generated by org.testng.reporters.JUnitXMLReporter -->
<testsuite hostname="PRODLAP8HVPINB4" failures="14" tests="14" name="PRE TESTS" time="5.576" errors="0" timestamp="21 Jun 2021 15:14:56 GMT">
  <testcase classname="TestRunner.CucumberRunner" name="feature" time="1.529">
    <failure type="cucumber.runtime.CucumberException" message="java.lang.IllegalArgumentException: Header value cannot be null">
      <![CDATA[cucumber.runtime.CucumberException: java.lang.IllegalArgumentException: Header value cannot be null
	at cucumber.api.testng.TestNGCucumberRunner.runCucumber(TestNGCucumberRunner.java:69)
	at cucumber.api.testng.AbstractTestNGCucumberTests.feature(AbstractTestNGCucumberTests.java:21)
Caused by: java.lang.IllegalArgumentException: Header value cannot be null
	at org.codehaus.groovy.runtime.callsite.ConstructorSite$ConstructorSiteNoUnwrap.callConstructor(ConstructorSite.java:84)
	at org.codehaus.groovy.runtime.callsite.CallSiteArray.defaultCallConstructor(CallSiteArray.java:60)
	at org.codehaus.groovy.runtime.callsite.AbstractCallSite.callConstructor(AbstractCallSite.java:235)
	at org.codehaus.groovy.runtime.callsite.AbstractCallSite.callConstructor(AbstractCallSite.java:247)
	at io.restassured.internal.assertion.AssertParameter.notNull(AssertParameter.groovy:26)
	at io.restassured.internal.assertion.AssertParameter$notNull.callStatic(Unknown Source)
	at org.codehaus.groovy.runtime.callsite.CallSiteArray.defaultCallStatic(CallSiteArray.java:56)
	at io.restassured.internal.assertion.AssertParameter$notNull.callStatic(Unknown Source)
	at io.restassured.internal.RequestSpecificationImpl.header(RequestSpecificationImpl.groovy:936)
	at stepdefination.FindonebyEmailsteps.customer_provides_find_one_endpoint_with_valid_email_at_excel_row_dataset(FindonebyEmailsteps.java:55)
	at ✽.Given customer provides find_one endpoint with valid email at excel row "2" dataset(Emailbaisc.feature:6)
... Removed 31 stack frames]]>
    </failure>
  </testcase> <!-- feature -->
  <testcase classname="TestRunner.CucumberRunner" name="feature" time="0.253">
    <failure type="cucumber.runtime.CucumberException" message="java.lang.IllegalArgumentException: Header value cannot be null">
      <![CDATA[cucumber.runtime.CucumberException: java.lang.IllegalArgumentException: Header value cannot be null
	at cucumber.api.testng.TestNGCucumberRunner.runCucumber(TestNGCucumberRunner.java:69)
	at cucumber.api.testng.AbstractTestNGCucumberTests.feature(AbstractTestNGCucumberTests.java:21)
Caused by: java.lang.IllegalArgumentException: Header value cannot be null
	at org.codehaus.groovy.runtime.callsite.ConstructorSite$ConstructorSiteNoUnwrap.callConstructor(ConstructorSite.java:84)
	at org.codehaus.groovy.runtime.callsite.AbstractCallSite.callConstructor(AbstractCallSite.java:247)
	at io.restassured.internal.assertion.AssertParameter.notNull(AssertParameter.groovy:26)
	at io.restassured.internal.assertion.AssertParameter$notNull.callStatic(Unknown Source)
	at org.codehaus.groovy.runtime.callsite.CallSiteArray.defaultCallStatic(CallSiteArray.java:56)
	at io.restassured.internal.assertion.AssertParameter$notNull.callStatic(Unknown Source)
	at io.restassured.internal.RequestSpecificationImpl.header(RequestSpecificationImpl.groovy:936)
	at stepdefination.FindonebyEmailsteps.customer_provides_find_one_endpoint_with_valid_email_at_excel_row_dataset(FindonebyEmailsteps.java:55)
	at ✽.Given customer provides find_one endpoint with valid email at excel row "2" dataset(Emailfull.feature:6)
... Removed 31 stack frames]]>
    </failure>
  </testcase> <!-- feature -->
  <testcase classname="TestRunner.CucumberRunner" name="feature" time="0.613">
    <failure type="cucumber.runtime.CucumberException" message="java.lang.IllegalArgumentException: Header value cannot be null">
      <![CDATA[cucumber.runtime.CucumberException: java.lang.IllegalArgumentException: Header value cannot be null
	at cucumber.api.testng.TestNGCucumberRunner.runCucumber(TestNGCucumberRunner.java:69)
	at cucumber.api.testng.AbstractTestNGCucumberTests.feature(AbstractTestNGCucumberTests.java:21)
Caused by: java.lang.IllegalArgumentException: Header value cannot be null
	at org.codehaus.groovy.runtime.callsite.ConstructorSite$ConstructorSiteNoUnwrap.callConstructor(ConstructorSite.java:84)
	at org.codehaus.groovy.runtime.callsite.AbstractCallSite.callConstructor(AbstractCallSite.java:247)
	at io.restassured.internal.assertion.AssertParameter.notNull(AssertParameter.groovy:26)
	at io.restassured.internal.assertion.AssertParameter$notNull.callStatic(Unknown Source)
	at org.codehaus.groovy.runtime.callsite.CallSiteArray.defaultCallStatic(CallSiteArray.java:56)
	at io.restassured.internal.assertion.AssertParameter$notNull.callStatic(Unknown Source)
	at io.restassured.internal.RequestSpecificationImpl.header(RequestSpecificationImpl.groovy:936)
	at stepdefination.Findmanysteps.customer_provides_Findmany_endpoint_with_profile_details_at_excel_row_and(Findmanysteps.java:56)
	at ✽.Given customer provides Findmany endpoint with profile details at excel row "2" and "8"(Findmany.feature:6)
... Removed 31 stack frames]]>
    </failure>
  </testcase> <!-- feature -->
  <testcase classname="TestRunner.CucumberRunner" name="feature" time="0.184">
    <failure type="cucumber.runtime.CucumberException" message="java.lang.IllegalArgumentException: Header value cannot be null">
      <![CDATA[cucumber.runtime.CucumberException: java.lang.IllegalArgumentException: Header value cannot be null
	at cucumber.api.testng.TestNGCucumberRunner.runCucumber(TestNGCucumberRunner.java:69)
	at cucumber.api.testng.AbstractTestNGCucumberTests.feature(AbstractTestNGCucumberTests.java:21)
Caused by: java.lang.IllegalArgumentException: Header value cannot be null
	at org.codehaus.groovy.runtime.callsite.ConstructorSite$ConstructorSiteNoUnwrap.callConstructor(ConstructorSite.java:84)
	at org.codehaus.groovy.runtime.callsite.AbstractCallSite.callConstructor(AbstractCallSite.java:247)
	at io.restassured.internal.assertion.AssertParameter.notNull(AssertParameter.groovy:26)
	at io.restassured.internal.assertion.AssertParameter$notNull.callStatic(Unknown Source)
	at org.codehaus.groovy.runtime.callsite.CallSiteArray.defaultCallStatic(CallSiteArray.java:56)
	at io.restassured.internal.assertion.AssertParameter$notNull.callStatic(Unknown Source)
	at io.restassured.internal.RequestSpecificationImpl.header(RequestSpecificationImpl.groovy:936)
	at stepdefination.Megacallsteps.customer_provides_megacall_endpoint_with_profile_details_at_excel_row_and_dataset(Megacallsteps.java:53)
	at ✽.Given customer provides megacall endpoint with profile details at excel row "2" and "3" dataset(Megacall.feature:6)
... Removed 31 stack frames]]>
    </failure>
  </testcase> <!-- feature -->
  <testcase classname="TestRunner.CucumberRunner" name="feature" time="0.187">
    <failure type="cucumber.runtime.CucumberException" message="java.lang.IllegalArgumentException: Header value cannot be null">
      <![CDATA[cucumber.runtime.CucumberException: java.lang.IllegalArgumentException: Header value cannot be null
	at cucumber.api.testng.TestNGCucumberRunner.runCucumber(TestNGCucumberRunner.java:69)
	at cucumber.api.testng.AbstractTestNGCucumberTests.feature(AbstractTestNGCucumberTests.java:21)
Caused by: java.lang.IllegalArgumentException: Header value cannot be null
	at org.codehaus.groovy.runtime.callsite.ConstructorSite$ConstructorSiteNoUnwrap.callConstructor(ConstructorSite.java:84)
	at org.codehaus.groovy.runtime.callsite.AbstractCallSite.callConstructor(AbstractCallSite.java:247)
	at io.restassured.internal.assertion.AssertParameter.notNull(AssertParameter.groovy:26)
	at io.restassured.internal.assertion.AssertParameter$notNull.callStatic(Unknown Source)
	at org.codehaus.groovy.runtime.callsite.CallSiteArray.defaultCallStatic(CallSiteArray.java:56)
	at io.restassured.internal.assertion.AssertParameter$notNull.callStatic(Unknown Source)
	at io.restassured.internal.RequestSpecificationImpl.header(RequestSpecificationImpl.groovy:936)
	at stepdefination.FindonebyPhonesteps.customer_provides_find_one_endpoint_with_valid_phone_at_excel_row_dataset(FindonebyPhonesteps.java:54)
	at ✽.Given customer provides find_one endpoint with valid phone at excel row "2" dataset(Phonebasic.feature:6)
... Removed 31 stack frames]]>
    </failure>
  </testcase> <!-- feature -->
  <testcase classname="TestRunner.CucumberRunner" name="feature" time="0.198">
    <failure type="cucumber.runtime.CucumberException" message="java.lang.IllegalArgumentException: Header value cannot be null">
      <![CDATA[cucumber.runtime.CucumberException: java.lang.IllegalArgumentException: Header value cannot be null
	at cucumber.api.testng.TestNGCucumberRunner.runCucumber(TestNGCucumberRunner.java:69)
	at cucumber.api.testng.AbstractTestNGCucumberTests.feature(AbstractTestNGCucumberTests.java:21)
Caused by: java.lang.IllegalArgumentException: Header value cannot be null
	at org.codehaus.groovy.runtime.callsite.ConstructorSite$ConstructorSiteNoUnwrap.callConstructor(ConstructorSite.java:84)
	at org.codehaus.groovy.runtime.callsite.AbstractCallSite.callConstructor(AbstractCallSite.java:247)
	at io.restassured.internal.assertion.AssertParameter.notNull(AssertParameter.groovy:26)
	at io.restassured.internal.assertion.AssertParameter$notNull.callStatic(Unknown Source)
	at org.codehaus.groovy.runtime.callsite.CallSiteArray.defaultCallStatic(CallSiteArray.java:56)
	at io.restassured.internal.assertion.AssertParameter$notNull.callStatic(Unknown Source)
	at io.restassured.internal.RequestSpecificationImpl.header(RequestSpecificationImpl.groovy:936)
	at stepdefination.FindonebyPhonesteps.customer_provides_find_one_endpoint_with_valid_phone_at_excel_row_dataset(FindonebyPhonesteps.java:54)
	at ✽.Given customer provides find_one endpoint with valid phone at excel row "2" dataset(Phonefull.feature:6)
... Removed 31 stack frames]]>
    </failure>
  </testcase> <!-- feature -->
  <testcase classname="TestRunner.CucumberRunner" name="feature" time="0.728">
    <failure type="cucumber.runtime.CucumberException" message="java.lang.IllegalArgumentException: Header value cannot be null">
      <![CDATA[cucumber.runtime.CucumberException: java.lang.IllegalArgumentException: Header value cannot be null
	at cucumber.api.testng.TestNGCucumberRunner.runCucumber(TestNGCucumberRunner.java:69)
	at cucumber.api.testng.AbstractTestNGCucumberTests.feature(AbstractTestNGCucumberTests.java:21)
Caused by: java.lang.IllegalArgumentException: Header value cannot be null
	at org.codehaus.groovy.runtime.callsite.ConstructorSite$ConstructorSiteNoUnwrap.callConstructor(ConstructorSite.java:84)
	at org.codehaus.groovy.runtime.callsite.AbstractCallSite.callConstructor(AbstractCallSite.java:247)
	at io.restassured.internal.assertion.AssertParameter.notNull(AssertParameter.groovy:26)
	at io.restassured.internal.assertion.AssertParameter$notNull.callStatic(Unknown Source)
	at org.codehaus.groovy.runtime.callsite.CallSiteArray.defaultCallStatic(CallSiteArray.java:56)
	at io.restassured.internal.assertion.AssertParameter$notNull.callStatic(Unknown Source)
	at io.restassured.internal.RequestSpecificationImpl.header(RequestSpecificationImpl.groovy:936)
	at stepdefination.Scoreonesteps.customer_provides_Scoreone_endpoint_with_email_at_excel_row_dataset(Scoreonesteps.java:49)
	at ✽.Given customer provides Scoreone endpoint with email at excel row "2" dataset(Scoreone.feature:6)
... Removed 31 stack frames]]>
    </failure>
  </testcase> <!-- feature -->
  <testcase classname="TestRunner.CucumberRunner" name="feature" time="0.277">
    <failure type="cucumber.runtime.CucumberException" message="java.lang.IllegalArgumentException: Header value cannot be null">
      <![CDATA[cucumber.runtime.CucumberException: java.lang.IllegalArgumentException: Header value cannot be null
	at cucumber.api.testng.TestNGCucumberRunner.runCucumber(TestNGCucumberRunner.java:69)
	at cucumber.api.testng.AbstractTestNGCucumberTests.feature(AbstractTestNGCucumberTests.java:21)
Caused by: java.lang.IllegalArgumentException: Header value cannot be null
	at org.codehaus.groovy.runtime.callsite.ConstructorSite$ConstructorSiteNoUnwrap.callConstructor(ConstructorSite.java:84)
	at org.codehaus.groovy.runtime.callsite.AbstractCallSite.callConstructor(AbstractCallSite.java:247)
	at io.restassured.internal.assertion.AssertParameter.notNull(AssertParameter.groovy:26)
	at io.restassured.internal.assertion.AssertParameter$notNull.callStatic(Unknown Source)
	at org.codehaus.groovy.runtime.callsite.CallSiteArray.defaultCallStatic(CallSiteArray.java:56)
	at io.restassured.internal.assertion.AssertParameter$notNull.callStatic(Unknown Source)
	at io.restassured.internal.RequestSpecificationImpl.header(RequestSpecificationImpl.groovy:936)
	at stepdefination.Scoreprofilessteps.customer_provides_Scoreprofiles_endpoint_with_profiles_at_excel_row_and_and_dataset(Scoreprofilessteps.java:179)
	at ✽.Given customer provides Scoreprofiles endpoint with profiles at excel row "2" and "3"and "3" dataset(Scoreprofiles.feature:5)
... Removed 31 stack frames]]>
    </failure>
  </testcase> <!-- feature -->
  <testcase classname="TestRunner.CucumberRunner" name="feature" time="0.148">
    <failure type="cucumber.runtime.CucumberException" message="java.lang.IllegalArgumentException: Header value cannot be null">
      <![CDATA[cucumber.runtime.CucumberException: java.lang.IllegalArgumentException: Header value cannot be null
	at cucumber.api.testng.TestNGCucumberRunner.runCucumber(TestNGCucumberRunner.java:69)
	at cucumber.api.testng.AbstractTestNGCucumberTests.feature(AbstractTestNGCucumberTests.java:21)
Caused by: java.lang.IllegalArgumentException: Header value cannot be null
	at org.codehaus.groovy.runtime.callsite.ConstructorSite$ConstructorSiteNoUnwrap.callConstructor(ConstructorSite.java:84)
	at org.codehaus.groovy.runtime.callsite.AbstractCallSite.callConstructor(AbstractCallSite.java:247)
	at io.restassured.internal.assertion.AssertParameter.notNull(AssertParameter.groovy:26)
	at io.restassured.internal.assertion.AssertParameter$notNull.callStatic(Unknown Source)
	at org.codehaus.groovy.runtime.callsite.CallSiteArray.defaultCallStatic(CallSiteArray.java:56)
	at io.restassured.internal.assertion.AssertParameter$notNull.callStatic(Unknown Source)
	at io.restassured.internal.RequestSpecificationImpl.header(RequestSpecificationImpl.groovy:936)
	at stepdefination.Summarysteps.customer_provides_summary_endpoint_with_profile_details_at_excel_row_dataset(Summarysteps.java:57)
	at ✽.Given customer provides summary endpoint with profile details at excel row "2" dataset(Summarybasic.feature:6)
... Removed 31 stack frames]]>
    </failure>
  </testcase> <!-- feature -->
  <testcase classname="TestRunner.CucumberRunner" name="feature" time="0.184">
    <failure type="cucumber.runtime.CucumberException" message="java.lang.IllegalArgumentException: Header value cannot be null">
      <![CDATA[cucumber.runtime.CucumberException: java.lang.IllegalArgumentException: Header value cannot be null
	at cucumber.api.testng.TestNGCucumberRunner.runCucumber(TestNGCucumberRunner.java:69)
	at cucumber.api.testng.AbstractTestNGCucumberTests.feature(AbstractTestNGCucumberTests.java:21)
Caused by: java.lang.IllegalArgumentException: Header value cannot be null
	at org.codehaus.groovy.runtime.callsite.ConstructorSite$ConstructorSiteNoUnwrap.callConstructor(ConstructorSite.java:84)
	at org.codehaus.groovy.runtime.callsite.AbstractCallSite.callConstructor(AbstractCallSite.java:247)
	at io.restassured.internal.assertion.AssertParameter.notNull(AssertParameter.groovy:26)
	at io.restassured.internal.assertion.AssertParameter$notNull.callStatic(Unknown Source)
	at org.codehaus.groovy.runtime.callsite.CallSiteArray.defaultCallStatic(CallSiteArray.java:56)
	at io.restassured.internal.assertion.AssertParameter$notNull.callStatic(Unknown Source)
	at io.restassured.internal.RequestSpecificationImpl.header(RequestSpecificationImpl.groovy:936)
	at stepdefination.Summarysteps.customer_provides_summary_endpoint_with_profile_details_at_excel_row_dataset(Summarysteps.java:57)
	at ✽.Given customer provides summary endpoint with profile details at excel row "2" dataset(Summaryfull.feature:6)
... Removed 30 stack frames]]>
    </failure>
  </testcase> <!-- feature -->
  <testcase classname="TestRunner.CucumberRunner" name="feature" time="0.12">
    <failure type="cucumber.runtime.CucumberException" message="java.lang.IllegalArgumentException: Header value cannot be null">
      <![CDATA[cucumber.runtime.CucumberException: java.lang.IllegalArgumentException: Header value cannot be null
	at cucumber.api.testng.TestNGCucumberRunner.runCucumber(TestNGCucumberRunner.java:69)
	at cucumber.api.testng.AbstractTestNGCucumberTests.feature(AbstractTestNGCucumberTests.java:21)
Caused by: java.lang.IllegalArgumentException: Header value cannot be null
	at org.codehaus.groovy.runtime.callsite.ConstructorSite$ConstructorSiteNoUnwrap.callConstructor(ConstructorSite.java:84)
	at org.codehaus.groovy.runtime.callsite.AbstractCallSite.callConstructor(AbstractCallSite.java:247)
	at io.restassured.internal.assertion.AssertParameter.notNull(AssertParameter.groovy:26)
	at io.restassured.internal.assertion.AssertParameter$notNull.callStatic(Unknown Source)
	at org.codehaus.groovy.runtime.callsite.CallSiteArray.defaultCallStatic(CallSiteArray.java:56)
	at io.restassured.internal.assertion.AssertParameter$notNull.callStatic(Unknown Source)
	at io.restassured.internal.RequestSpecificationImpl.header(RequestSpecificationImpl.groovy:936)
	at stepdefination.Devicesteps.customer_provides_find_one_endpoint_with_valid_address_at_excel_row_dataset(FindonebyAddresssteps.java:58)
	at ✽.Given customer provides find_one endpoint with valid address at excel row "19" dataset(addressbasic.feature:51)
... Removed 30 stack frames]]>
    </failure>
  </testcase> <!-- feature -->
  <testcase classname="TestRunner.CucumberRunner" name="feature" time="0.126">
    <failure type="cucumber.runtime.CucumberException" message="java.lang.IllegalArgumentException: Header value cannot be null">
      <![CDATA[cucumber.runtime.CucumberException: java.lang.IllegalArgumentException: Header value cannot be null
	at cucumber.api.testng.TestNGCucumberRunner.runCucumber(TestNGCucumberRunner.java:69)
	at cucumber.api.testng.AbstractTestNGCucumberTests.feature(AbstractTestNGCucumberTests.java:21)
Caused by: java.lang.IllegalArgumentException: Header value cannot be null
	at org.codehaus.groovy.runtime.callsite.ConstructorSite$ConstructorSiteNoUnwrap.callConstructor(ConstructorSite.java:84)
	at org.codehaus.groovy.runtime.callsite.AbstractCallSite.callConstructor(AbstractCallSite.java:247)
	at io.restassured.internal.assertion.AssertParameter.notNull(AssertParameter.groovy:26)
	at io.restassured.internal.assertion.AssertParameter$notNull.callStatic(Unknown Source)
	at org.codehaus.groovy.runtime.callsite.CallSiteArray.defaultCallStatic(CallSiteArray.java:56)
	at io.restassured.internal.assertion.AssertParameter$notNull.callStatic(Unknown Source)
	at io.restassured.internal.RequestSpecificationImpl.header(RequestSpecificationImpl.groovy:936)
	at stepdefination.Devicesteps.customer_provides_find_one_endpoint_with_valid_address_at_excel_row_dataset(FindonebyAddresssteps.java:58)
	at ✽.Given customer provides find_one endpoint with valid address at excel row "1" dataset(addressfull.feature:6)
... Removed 30 stack frames]]>
    </failure>
  </testcase> <!-- feature -->
  <testcase classname="TestRunner.CucumberRunner" name="feature" time="0.139">
    <failure type="cucumber.runtime.CucumberException" message="java.lang.IllegalArgumentException: Header value cannot be null">
      <![CDATA[cucumber.runtime.CucumberException: java.lang.IllegalArgumentException: Header value cannot be null
	at cucumber.api.testng.TestNGCucumberRunner.runCucumber(TestNGCucumberRunner.java:69)
	at cucumber.api.testng.AbstractTestNGCucumberTests.feature(AbstractTestNGCucumberTests.java:21)
Caused by: java.lang.IllegalArgumentException: Header value cannot be null
	at org.codehaus.groovy.runtime.callsite.ConstructorSite$ConstructorSiteNoUnwrap.callConstructor(ConstructorSite.java:84)
	at org.codehaus.groovy.runtime.callsite.AbstractCallSite.callConstructor(AbstractCallSite.java:247)
	at io.restassured.internal.assertion.AssertParameter.notNull(AssertParameter.groovy:26)
	at io.restassured.internal.assertion.AssertParameter$notNull.callStatic(Unknown Source)
	at org.codehaus.groovy.runtime.callsite.CallSiteArray.defaultCallStatic(CallSiteArray.java:56)
	at io.restassured.internal.assertion.AssertParameter$notNull.callStatic(Unknown Source)
	at io.restassured.internal.RequestSpecificationImpl.header(RequestSpecificationImpl.groovy:936)
	at stepdefination.sessionsteps.customer_provides_createsession_endpoint_with_duration_at_excel_row(sessionsteps.java:69)
	at ✽.Given customer provides createsession endpoint with duration at excel row "1"(createsession.feature:6)
... Removed 30 stack frames]]>
    </failure>
  </testcase> <!-- feature -->
  <testcase classname="TestRunner.CucumberRunner" name="feature" time="0.103">
    <failure type="cucumber.runtime.CucumberException" message="java.lang.IllegalArgumentException: Header value cannot be null">
      <![CDATA[cucumber.runtime.CucumberException: java.lang.IllegalArgumentException: Header value cannot be null
	at cucumber.api.testng.TestNGCucumberRunner.runCucumber(TestNGCucumberRunner.java:69)
	at cucumber.api.testng.AbstractTestNGCucumberTests.feature(AbstractTestNGCucumberTests.java:21)
Caused by: java.lang.IllegalArgumentException: Header value cannot be null
	at org.codehaus.groovy.runtime.callsite.ConstructorSite$ConstructorSiteNoUnwrap.callConstructor(ConstructorSite.java:84)
	at org.codehaus.groovy.runtime.callsite.AbstractCallSite.callConstructor(AbstractCallSite.java:247)
	at io.restassured.internal.assertion.AssertParameter.notNull(AssertParameter.groovy:26)
	at io.restassured.internal.assertion.AssertParameter$notNull.callStatic(Unknown Source)
	at org.codehaus.groovy.runtime.callsite.CallSiteArray.defaultCallStatic(CallSiteArray.java:56)
	at io.restassured.internal.assertion.AssertParameter$notNull.callStatic(Unknown Source)
	at io.restassured.internal.RequestSpecificationImpl.header(RequestSpecificationImpl.groovy:936)
	at stepdefination.elluciansteps.customer_provides_ellucian_endpoint_with_address_at_excel_row_dataset(elluciansteps.java:54)
	at ✽.Given customer provides ellucian endpoint with address at excel row "2" dataset(ellucian.feature:6)
... Removed 30 stack frames]]>
    </failure>
  </testcase> <!-- feature -->
</testsuite> <!-- PRE TESTS -->
